Kotlin/DLNASam/app/build/intermediates/manifest_merge_blame_file/debug/manifest-merger-blame-debug-report.txt
1<?xml version="1.0" encoding="utf-8"?>
2<manifest xmlns:android="http://schemas.android.com/apk/res/android"
3    package="com.example.dlnasam"
4    android:versionCode="1"
5    android:versionName="1.0" >
6
7    <uses-sdk
8        android:minSdkVersion="21"
8-->src/main/AndroidManifest.xml
9        android:targetSdkVersion="26" />
9-->src/main/AndroidManifest.xml
10
11    <uses-permission android:name="android.permission.READ_PHONE_STATE" />
11-->src/main/AndroidManifest.xml:5:5-75
11-->src/main/AndroidManifest.xml:5:22-72
12    <uses-permission android:name="android.permission.ACCESS_FINE_LOCATION" />
12-->src/main/AndroidManifest.xml:6:5-79
12-->src/main/AndroidManifest.xml:6:22-76
13    <uses-permission android:name="android.permission.ACCESS_COARSE_LOCATION" />
13-->src/main/AndroidManifest.xml:7:5-81
13-->src/main/AndroidManifest.xml:7:22-78
14    <uses-permission android:name="android.permission.WRITE_EXTERNAL_STORAGE" />
14-->src/main/AndroidManifest.xml:8:5-81
14-->src/main/AndroidManifest.xml:8:22-78
15    <uses-permission android:name="android.permission.RECORD_AUDIO" />
15-->src/main/AndroidManifest.xml:9:5-71
15-->src/main/AndroidManifest.xml:9:22-68
16    <uses-permission android:name="android.permission.INTERNET" />
16-->src/main/AndroidManifest.xml:10:5-67
16-->src/main/AndroidManifest.xml:10:22-64
17    <uses-permission android:name="android.permission.ACCESS_NETWORK_STATE" />
17-->src/main/AndroidManifest.xml:11:5-79
17-->src/main/AndroidManifest.xml:11:22-76
18    <uses-permission android:name="android.permission.ACCESS_WIFI_STATE" />
18-->src/main/AndroidManifest.xml:12:5-76
18-->src/main/AndroidManifest.xml:12:22-73
19    <uses-permission android:name="android.permission.CHANGE_WIFI_MULTICAST_STATE" />
19-->src/main/AndroidManifest.xml:13:5-86
19-->src/main/AndroidManifest.xml:13:22-83
20    <uses-permission android:name="android.permission.CHANGE_WIFI_STATE" />
20-->src/main/AndroidManifest.xml:14:5-76
20-->src/main/AndroidManifest.xml:14:22-73
21    <uses-permission android:name="android.permission.CHANGE_NETWORK_STATE" />
21-->src/main/AndroidManifest.xml:15:5-79
21-->src/main/AndroidManifest.xml:15:22-76
22    <uses-permission android:name="android.permission.MODIFY_AUDIO_SETTINGS" />
22-->src/main/AndroidManifest.xml:16:5-80
22-->src/main/AndroidManifest.xml:16:22-77
23
24    <application
24-->src/main/AndroidManifest.xml:19:5-42:19
25        android:name="com.example.dlnasam.MyApplication"
25-->src/main/AndroidManifest.xml:20:9-38
26        android:allowBackup="true"
26-->src/main/AndroidManifest.xml:21:9-35
27        android:appComponentFactory="androidx.core.app.CoreComponentFactory"
27-->[androidx.core:core:1.0.1] AndroidManifest.xml:22:18-86
28        android:debuggable="true"
29        android:icon="@mipmap/ic_launcher"
29-->src/main/AndroidManifest.xml:22:9-43
30        android:label="@string/app_name"
30-->src/main/AndroidManifest.xml:23:9-41
31        android:roundIcon="@mipmap/ic_launcher_round"
31-->src/main/AndroidManifest.xml:24:9-54
32        android:supportsRtl="true"
32-->src/main/AndroidManifest.xml:25:9-35
33        android:theme="@style/AppTheme" >
33-->src/main/AndroidManifest.xml:26:9-40
34        <activity android:name="com.example.dlnasam.MainActivity" >
34-->src/main/AndroidManifest.xml:27:9-33:20
34-->src/main/AndroidManifest.xml:27:19-47
35            <intent-filter>
35-->src/main/AndroidManifest.xml:28:13-32:29
36                <action android:name="android.intent.action.MAIN" />
36-->src/main/AndroidManifest.xml:29:17-69
36-->src/main/AndroidManifest.xml:29:25-66
37
38                <category android:name="android.intent.category.LAUNCHER" />
38-->src/main/AndroidManifest.xml:31:17-77
38-->src/main/AndroidManifest.xml:31:27-74
39            </intent-filter>
40        </activity>
41        <activity
41-->src/main/AndroidManifest.xml:35:9-41:20
42            android:name="com.example.dlnasam.SimplePlayActivity"
42-->src/main/AndroidManifest.xml:36:13-47
43            android:configChanges="orientation|keyboardHidden|screenSize"
43-->src/main/AndroidManifest.xml:38:13-74
44            android:label="@string/app_name"
44-->src/main/AndroidManifest.xml:37:13-45
45            android:launchMode="singleTask"
45-->src/main/AndroidManifest.xml:39:13-44
46            android:theme="@android:style/Theme.NoTitleBar" >
46-->src/main/AndroidManifest.xml:40:13-60
47        </activity>
48
49        <service
49-->[:dlnasupport] AndroidManifest.xml:19:9-26:19
50            android:name="com.didi365.dlnasupport.service.MediaRenderService"
50-->[:dlnasupport] AndroidManifest.xml:20:13-78
51            android:enabled="true" >
51-->[:dlnasupport] AndroidManifest.xml:21:13-35
52            <intent-filter>
52-->[:dlnasupport] AndroidManifest.xml:22:13-25:29
53                <action android:name="com.didi365.start.engine" />
53-->[:dlnasupport] AndroidManifest.xml:23:17-67
53-->[:dlnasupport] AndroidManifest.xml:23:25-64
54                <action android:name="com.didi365.restart.engine" />
54-->[:dlnasupport] AndroidManifest.xml:24:17-69
54-->[:dlnasupport] AndroidManifest.xml:24:25-66
55            </intent-filter>
56        </service>
57    </application>
58
59</manifest>